{"C:/personal/practice/practice/vue/best-offers/New folder (2)/src/constants/endpoints.ts": {"path":"C:/personal/practice/practice/vue/best-offers/New folder (2)/src/constants/endpoints.ts","statementMap":{"0":{"start":{"line":1,"column":17},"end":{"line":1,"column":null}},"1":{"start":{"line":2,"column":13},"end":{"line":2,"column":null}}},"fnMap":{},"branchMap":{},"s":{"0":1,"1":1},"f":{},"b":{}}
,"C:/personal/practice/practice/vue/best-offers/New folder (2)/src/enums/cabinCode.ts": {"path":"C:/personal/practice/practice/vue/best-offers/New folder (2)/src/enums/cabinCode.ts","statementMap":{"0":{"start":{"line":1,"column":7},"end":{"line":1,"column":null}},"1":{"start":{"line":2,"column":2},"end":{"line":2,"column":null}},"2":{"start":{"line":3,"column":2},"end":{"line":3,"column":null}},"3":{"start":{"line":4,"column":2},"end":{"line":4,"column":null}},"4":{"start":{"line":5,"column":2},"end":{"line":5,"column":null}},"5":{"start":{"line":1,"column":12},"end":{"line":1,"column":null}}},"fnMap":{"0":{"name":"(anonymous_0)","decl":{"start":{"line":1,"column":7},"end":{"line":1,"column":12}},"loc":{"start":{"line":1,"column":7},"end":{"line":1,"column":null}}}},"branchMap":{"0":{"loc":{"start":{"line":1,"column":12},"end":{"line":1,"column":null}},"type":"binary-expr","locations":[{"start":{"line":1,"column":12},"end":{"line":1,"column":null}},{"start":{"line":1,"column":12},"end":{"line":1,"column":null}}]}},"s":{"0":1,"1":1,"2":1,"3":1,"4":1,"5":1},"f":{"0":1},"b":{"0":[1,1]}}
,"C:/personal/practice/practice/vue/best-offers/New folder (2)/src/enums/serviceType.ts": {"path":"C:/personal/practice/practice/vue/best-offers/New folder (2)/src/enums/serviceType.ts","statementMap":{"0":{"start":{"line":1,"column":7},"end":{"line":1,"column":null}},"1":{"start":{"line":2,"column":2},"end":{"line":2,"column":null}},"2":{"start":{"line":3,"column":2},"end":{"line":3,"column":null}},"3":{"start":{"line":4,"column":2},"end":{"line":4,"column":null}},"4":{"start":{"line":5,"column":2},"end":{"line":5,"column":null}},"5":{"start":{"line":1,"column":12},"end":{"line":1,"column":null}},"6":{"start":{"line":8,"column":7},"end":{"line":8,"column":null}},"7":{"start":{"line":9,"column":2},"end":{"line":9,"column":null}},"8":{"start":{"line":10,"column":2},"end":{"line":10,"column":null}},"9":{"start":{"line":11,"column":2},"end":{"line":11,"column":null}},"10":{"start":{"line":12,"column":2},"end":{"line":12,"column":null}},"11":{"start":{"line":8,"column":12},"end":{"line":8,"column":null}}},"fnMap":{"0":{"name":"(anonymous_0)","decl":{"start":{"line":1,"column":7},"end":{"line":1,"column":12}},"loc":{"start":{"line":1,"column":7},"end":{"line":1,"column":null}}},"1":{"name":"(anonymous_1)","decl":{"start":{"line":8,"column":7},"end":{"line":8,"column":12}},"loc":{"start":{"line":8,"column":7},"end":{"line":8,"column":null}}}},"branchMap":{"0":{"loc":{"start":{"line":1,"column":12},"end":{"line":1,"column":null}},"type":"binary-expr","locations":[{"start":{"line":1,"column":12},"end":{"line":1,"column":null}},{"start":{"line":1,"column":12},"end":{"line":1,"column":null}}]},"1":{"loc":{"start":{"line":8,"column":12},"end":{"line":8,"column":null}},"type":"binary-expr","locations":[{"start":{"line":8,"column":12},"end":{"line":8,"column":null}},{"start":{"line":8,"column":12},"end":{"line":8,"column":null}}]}},"s":{"0":2,"1":2,"2":2,"3":2,"4":2,"5":2,"6":2,"7":2,"8":2,"9":2,"10":2,"11":2},"f":{"0":2,"1":2},"b":{"0":[2,2],"1":[2,2]}}
,"C:/personal/practice/practice/vue/best-offers/New folder (2)/src/i18n/en.ts": {"path":"C:/personal/practice/practice/vue/best-offers/New folder (2)/src/i18n/en.ts","statementMap":{"0":{"start":{"line":1,"column":20},"end":{"line":40,"column":null}},"1":{"start":{"line":14,"column":6},"end":{"line":14,"column":null}},"2":{"start":{"line":28,"column":31},"end":{"line":28,"column":null}}},"fnMap":{"0":{"name":"(anonymous_0)","decl":{"start":{"line":13,"column":16},"end":{"line":13,"column":17}},"loc":{"start":{"line":13,"column":71},"end":{"line":15,"column":null}}},"1":{"name":"(anonymous_1)","decl":{"start":{"line":28,"column":13},"end":{"line":28,"column":14}},"loc":{"start":{"line":28,"column":31},"end":{"line":28,"column":null}}}},"branchMap":{},"s":{"0":1,"1":0,"2":0},"f":{"0":0,"1":0},"b":{}}
,"C:/personal/practice/practice/vue/best-offers/New folder (2)/src/plugins/vuetify.ts": {"path":"C:/personal/practice/practice/vue/best-offers/New folder (2)/src/plugins/vuetify.ts","statementMap":{"0":{"start":{"line":16,"column":27},"end":{"line":31,"column":null}}},"fnMap":{},"branchMap":{},"s":{"0":1},"f":{},"b":{}}
,"C:/personal/practice/practice/vue/best-offers/New folder (2)/src/store/app.ts": {"path":"C:/personal/practice/practice/vue/best-offers/New folder (2)/src/store/app.ts","statementMap":{"0":{"start":{"line":8,"column":27},"end":{"line":82,"column":null}},"1":{"start":{"line":9,"column":16},"end":{"line":16,"column":null}},"2":{"start":{"line":20,"column":6},"end":{"line":20,"column":null}},"3":{"start":{"line":24,"column":6},"end":{"line":24,"column":null}},"4":{"start":{"line":28,"column":6},"end":{"line":28,"column":null}},"5":{"start":{"line":32,"column":6},"end":{"line":32,"column":null}},"6":{"start":{"line":38,"column":6},"end":{"line":38,"column":null}},"7":{"start":{"line":39,"column":6},"end":{"line":46,"column":null}},"8":{"start":{"line":40,"column":25},"end":{"line":40,"column":null}},"9":{"start":{"line":41,"column":61},"end":{"line":41,"column":null}},"10":{"start":{"line":42,"column":8},"end":{"line":42,"column":null}},"11":{"start":{"line":43,"column":8},"end":{"line":43,"column":null}},"12":{"start":{"line":45,"column":8},"end":{"line":45,"column":null}},"13":{"start":{"line":47,"column":6},"end":{"line":47,"column":null}},"14":{"start":{"line":51,"column":6},"end":{"line":51,"column":null}},"15":{"start":{"line":56,"column":10},"end":{"line":56,"column":null}},"16":{"start":{"line":57,"column":6},"end":{"line":70,"column":null}},"17":{"start":{"line":58,"column":25},"end":{"line":65,"column":null}},"18":{"start":{"line":66,"column":42},"end":{"line":66,"column":null}},"19":{"start":{"line":67,"column":8},"end":{"line":67,"column":null}},"20":{"start":{"line":69,"column":8},"end":{"line":69,"column":null}},"21":{"start":{"line":71,"column":6},"end":{"line":71,"column":null}},"22":{"start":{"line":75,"column":6},"end":{"line":75,"column":null}},"23":{"start":{"line":79,"column":6},"end":{"line":79,"column":null}}},"fnMap":{"0":{"name":"(anonymous_0)","decl":{"start":{"line":9,"column":9},"end":{"line":9,"column":16}},"loc":{"start":{"line":9,"column":16},"end":{"line":16,"column":null}}},"1":{"name":"(anonymous_1)","decl":{"start":{"line":19,"column":4},"end":{"line":19,"column":17}},"loc":{"start":{"line":19,"column":24},"end":{"line":21,"column":null}}},"2":{"name":"(anonymous_2)","decl":{"start":{"line":23,"column":4},"end":{"line":23,"column":16}},"loc":{"start":{"line":23,"column":23},"end":{"line":25,"column":null}}},"3":{"name":"(anonymous_3)","decl":{"start":{"line":27,"column":4},"end":{"line":27,"column":42}},"loc":{"start":{"line":27,"column":42},"end":{"line":29,"column":null}}},"4":{"name":"(anonymous_4)","decl":{"start":{"line":31,"column":4},"end":{"line":31,"column":14}},"loc":{"start":{"line":31,"column":21},"end":{"line":33,"column":null}}},"5":{"name":"(anonymous_5)","decl":{"start":{"line":37,"column":4},"end":{"line":37,"column":10}},"loc":{"start":{"line":37,"column":38},"end":{"line":48,"column":null}}},"6":{"name":"(anonymous_6)","decl":{"start":{"line":50,"column":4},"end":{"line":50,"column":10}},"loc":{"start":{"line":50,"column":91},"end":{"line":72,"column":null}}},"7":{"name":"(anonymous_7)","decl":{"start":{"line":74,"column":4},"end":{"line":74,"column":15}},"loc":{"start":{"line":74,"column":36},"end":{"line":76,"column":null}}},"8":{"name":"(anonymous_8)","decl":{"start":{"line":78,"column":4},"end":{"line":78,"column":21}},"loc":{"start":{"line":78,"column":35},"end":{"line":80,"column":null}}}},"branchMap":{},"s":{"0":1,"1":1,"2":0,"3":0,"4":0,"5":0,"6":0,"7":0,"8":0,"9":0,"10":0,"11":0,"12":0,"13":0,"14":1,"15":1,"16":1,"17":1,"18":0,"19":0,"20":0,"21":0,"22":0,"23":0},"f":{"0":1,"1":0,"2":0,"3":0,"4":0,"5":0,"6":1,"7":0,"8":0},"b":{}}
,"C:/personal/practice/practice/vue/best-offers/New folder (2)/src/utils/common.ts": {"path":"C:/personal/practice/practice/vue/best-offers/New folder (2)/src/utils/common.ts","statementMap":{"0":{"start":{"line":3,"column":23},"end":{"line":5,"column":null}},"1":{"start":{"line":4,"column":2},"end":{"line":4,"column":null}},"2":{"start":{"line":7,"column":26},"end":{"line":11,"column":null}},"3":{"start":{"line":8,"column":16},"end":{"line":8,"column":null}},"4":{"start":{"line":9,"column":2},"end":{"line":9,"column":null}},"5":{"start":{"line":10,"column":2},"end":{"line":10,"column":null}},"6":{"start":{"line":13,"column":26},"end":{"line":28,"column":null}},"7":{"start":{"line":14,"column":14},"end":{"line":14,"column":null}},"8":{"start":{"line":15,"column":15},"end":{"line":15,"column":null}},"9":{"start":{"line":16,"column":18},"end":{"line":16,"column":null}},"10":{"start":{"line":17,"column":18},"end":{"line":17,"column":null}},"11":{"start":{"line":18,"column":15},"end":{"line":18,"column":null}},"12":{"start":{"line":19,"column":15},"end":{"line":19,"column":null}},"13":{"start":{"line":21,"column":2},"end":{"line":27,"column":null}},"14":{"start":{"line":30,"column":25},"end":{"line":38,"column":null}},"15":{"start":{"line":31,"column":2},"end":{"line":31,"column":null}},"16":{"start":{"line":32,"column":2},"end":{"line":32,"column":null}},"17":{"start":{"line":33,"column":2},"end":{"line":37,"column":null}}},"fnMap":{"0":{"name":"(anonymous_0)","decl":{"start":{"line":3,"column":23},"end":{"line":3,"column":24}},"loc":{"start":{"line":3,"column":48},"end":{"line":5,"column":null}}},"1":{"name":"(anonymous_1)","decl":{"start":{"line":7,"column":26},"end":{"line":7,"column":27}},"loc":{"start":{"line":7,"column":58},"end":{"line":11,"column":null}}},"2":{"name":"(anonymous_2)","decl":{"start":{"line":13,"column":26},"end":{"line":13,"column":32}},"loc":{"start":{"line":13,"column":32},"end":{"line":28,"column":null}}},"3":{"name":"(anonymous_3)","decl":{"start":{"line":30,"column":25},"end":{"line":30,"column":32}},"loc":{"start":{"line":30,"column":47},"end":{"line":38,"column":null}}}},"branchMap":{"0":{"loc":{"start":{"line":7,"column":41},"end":{"line":7,"column":58}},"type":"default-arg","locations":[{"start":{"line":7,"column":48},"end":{"line":7,"column":58}}]},"1":{"loc":{"start":{"line":9,"column":12},"end":{"line":9,"column":null}},"type":"cond-expr","locations":[{"start":{"line":9,"column":19},"end":{"line":9,"column":37}},{"start":{"line":9,"column":37},"end":{"line":9,"column":null}}]},"2":{"loc":{"start":{"line":16,"column":18},"end":{"line":16,"column":null}},"type":"cond-expr","locations":[{"start":{"line":16,"column":29},"end":{"line":16,"column":35}},{"start":{"line":16,"column":35},"end":{"line":16,"column":null}}]},"3":{"loc":{"start":{"line":17,"column":18},"end":{"line":17,"column":null}},"type":"cond-expr","locations":[{"start":{"line":17,"column":30},"end":{"line":17,"column":36}},{"start":{"line":17,"column":36},"end":{"line":17,"column":null}}]},"4":{"loc":{"start":{"line":18,"column":15},"end":{"line":18,"column":null}},"type":"cond-expr","locations":[{"start":{"line":18,"column":26},"end":{"line":18,"column":33}},{"start":{"line":18,"column":33},"end":{"line":18,"column":null}}]},"5":{"loc":{"start":{"line":21,"column":9},"end":{"line":27,"column":null}},"type":"cond-expr","locations":[{"start":{"line":22,"column":6},"end":{"line":22,"column":null}},{"start":{"line":23,"column":14},"end":{"line":27,"column":null}}]},"6":{"loc":{"start":{"line":21,"column":9},"end":{"line":21,"column":null}},"type":"binary-expr","locations":[{"start":{"line":21,"column":9},"end":{"line":21,"column":26}},{"start":{"line":21,"column":26},"end":{"line":21,"column":null}}]},"7":{"loc":{"start":{"line":23,"column":14},"end":{"line":27,"column":null}},"type":"cond-expr","locations":[{"start":{"line":24,"column":6},"end":{"line":24,"column":null}},{"start":{"line":25,"column":6},"end":{"line":27,"column":null}}]},"8":{"loc":{"start":{"line":25,"column":6},"end":{"line":27,"column":null}},"type":"cond-expr","locations":[{"start":{"line":26,"column":6},"end":{"line":26,"column":null}},{"start":{"line":27,"column":6},"end":{"line":27,"column":null}}]}},"s":{"0":1,"1":1,"2":1,"3":0,"4":0,"5":0,"6":1,"7":0,"8":0,"9":0,"10":0,"11":0,"12":0,"13":0,"14":1,"15":0,"16":0,"17":0},"f":{"0":1,"1":0,"2":0,"3":0},"b":{"0":[0],"1":[0,0],"2":[0,0],"3":[0,0],"4":[0,0],"5":[0,0],"6":[0,0],"7":[0,0],"8":[0,0]}}
,"C:/personal/practice/practice/vue/best-offers/New folder (2)/src/utils/searchList.ts": {"path":"C:/personal/practice/practice/vue/best-offers/New folder (2)/src/utils/searchList.ts","statementMap":{"0":{"start":{"line":7,"column":30},"end":{"line":22,"column":null}},"1":{"start":{"line":8,"column":18},"end":{"line":8,"column":null}},"2":{"start":{"line":10,"column":2},"end":{"line":20,"column":null}},"3":{"start":{"line":11,"column":14},"end":{"line":11,"column":null}},"4":{"start":{"line":12,"column":4},"end":{"line":12,"column":null}},"5":{"start":{"line":13,"column":4},"end":{"line":13,"column":null}},"6":{"start":{"line":14,"column":4},"end":{"line":14,"column":null}},"7":{"start":{"line":15,"column":4},"end":{"line":15,"column":null}},"8":{"start":{"line":16,"column":4},"end":{"line":16,"column":null}},"9":{"start":{"line":17,"column":4},"end":{"line":17,"column":null}},"10":{"start":{"line":18,"column":4},"end":{"line":18,"column":null}},"11":{"start":{"line":19,"column":4},"end":{"line":19,"column":null}},"12":{"start":{"line":19,"column":19},"end":{"line":19,"column":null}},"13":{"start":{"line":21,"column":2},"end":{"line":21,"column":null}},"14":{"start":{"line":25,"column":27},"end":{"line":79,"column":null}},"15":{"start":{"line":32,"column":6},"end":{"line":32,"column":null}},"16":{"start":{"line":33,"column":18},"end":{"line":33,"column":null}},"17":{"start":{"line":35,"column":2},"end":{"line":45,"column":null}},"18":{"start":{"line":36,"column":14},"end":{"line":36,"column":null}},"19":{"start":{"line":37,"column":4},"end":{"line":37,"column":null}},"20":{"start":{"line":38,"column":4},"end":{"line":38,"column":null}},"21":{"start":{"line":39,"column":29},"end":{"line":39,"column":null}},"22":{"start":{"line":40,"column":26},"end":{"line":40,"column":null}},"23":{"start":{"line":41,"column":4},"end":{"line":41,"column":null}},"24":{"start":{"line":42,"column":4},"end":{"line":42,"column":null}},"25":{"start":{"line":43,"column":4},"end":{"line":43,"column":null}},"26":{"start":{"line":44,"column":4},"end":{"line":44,"column":null}},"27":{"start":{"line":46,"column":2},"end":{"line":46,"column":null}},"28":{"start":{"line":51,"column":4},"end":{"line":62,"column":null}},"29":{"start":{"line":53,"column":8},"end":{"line":53,"column":null}},"30":{"start":{"line":55,"column":8},"end":{"line":55,"column":null}},"31":{"start":{"line":57,"column":8},"end":{"line":57,"column":null}},"32":{"start":{"line":59,"column":8},"end":{"line":59,"column":null}},"33":{"start":{"line":61,"column":8},"end":{"line":61,"column":null}},"34":{"start":{"line":66,"column":4},"end":{"line":77,"column":null}},"35":{"start":{"line":68,"column":8},"end":{"line":68,"column":null}},"36":{"start":{"line":70,"column":8},"end":{"line":70,"column":null}},"37":{"start":{"line":72,"column":8},"end":{"line":72,"column":null}},"38":{"start":{"line":74,"column":8},"end":{"line":74,"column":null}},"39":{"start":{"line":76,"column":8},"end":{"line":76,"column":null}},"40":{"start":{"line":82,"column":20},"end":{"line":86,"column":null}},"41":{"start":{"line":83,"column":2},"end":{"line":85,"column":null}},"42":{"start":{"line":84,"column":29},"end":{"line":84,"column":62}},"43":{"start":{"line":85,"column":29},"end":{"line":85,"column":62}}},"fnMap":{"0":{"name":"(anonymous_0)","decl":{"start":{"line":7,"column":30},"end":{"line":7,"column":31}},"loc":{"start":{"line":7,"column":70},"end":{"line":22,"column":null}}},"1":{"name":"(anonymous_1)","decl":{"start":{"line":25,"column":27},"end":{"line":25,"column":28}},"loc":{"start":{"line":25,"column":89},"end":{"line":79,"column":null}}},"2":{"name":"getDepartureOffset","decl":{"start":{"line":50,"column":11},"end":{"line":50,"column":30}},"loc":{"start":{"line":50,"column":58},"end":{"line":63,"column":null}}},"3":{"name":"getReturnOffset","decl":{"start":{"line":65,"column":11},"end":{"line":65,"column":27}},"loc":{"start":{"line":65,"column":55},"end":{"line":78,"column":null}}},"4":{"name":"(anonymous_4)","decl":{"start":{"line":82,"column":20},"end":{"line":82,"column":21}},"loc":{"start":{"line":82,"column":61},"end":{"line":86,"column":null}}},"5":{"name":"(anonymous_5)","decl":{"start":{"line":84,"column":19},"end":{"line":84,"column":20}},"loc":{"start":{"line":84,"column":29},"end":{"line":84,"column":62}}},"6":{"name":"(anonymous_6)","decl":{"start":{"line":85,"column":19},"end":{"line":85,"column":20}},"loc":{"start":{"line":85,"column":29},"end":{"line":85,"column":62}}}},"branchMap":{"0":{"loc":{"start":{"line":19,"column":4},"end":{"line":19,"column":null}},"type":"if","locations":[{"start":{"line":19,"column":4},"end":{"line":19,"column":null}},{"start":{"line":19,"column":4},"end":{"line":19,"column":null}}]},"1":{"loc":{"start":{"line":51,"column":4},"end":{"line":62,"column":null}},"type":"switch","locations":[{"start":{"line":52,"column":6},"end":{"line":53,"column":null}},{"start":{"line":54,"column":6},"end":{"line":55,"column":null}},{"start":{"line":56,"column":6},"end":{"line":57,"column":null}},{"start":{"line":58,"column":6},"end":{"line":59,"column":null}},{"start":{"line":60,"column":6},"end":{"line":61,"column":null}}]},"2":{"loc":{"start":{"line":53,"column":15},"end":{"line":53,"column":null}},"type":"cond-expr","locations":[{"start":{"line":53,"column":39},"end":{"line":53,"column":44}},{"start":{"line":53,"column":44},"end":{"line":53,"column":null}}]},"3":{"loc":{"start":{"line":53,"column":15},"end":{"line":53,"column":39}},"type":"binary-expr","locations":[{"start":{"line":53,"column":15},"end":{"line":53,"column":27}},{"start":{"line":53,"column":27},"end":{"line":53,"column":39}}]},"4":{"loc":{"start":{"line":53,"column":44},"end":{"line":53,"column":null}},"type":"cond-expr","locations":[{"start":{"line":53,"column":70},"end":{"line":53,"column":74}},{"start":{"line":53,"column":74},"end":{"line":53,"column":null}}]},"5":{"loc":{"start":{"line":53,"column":44},"end":{"line":53,"column":70}},"type":"binary-expr","locations":[{"start":{"line":53,"column":44},"end":{"line":53,"column":57}},{"start":{"line":53,"column":57},"end":{"line":53,"column":70}}]},"6":{"loc":{"start":{"line":57,"column":15},"end":{"line":57,"column":null}},"type":"cond-expr","locations":[{"start":{"line":57,"column":39},"end":{"line":57,"column":43}},{"start":{"line":57,"column":43},"end":{"line":57,"column":null}}]},"7":{"loc":{"start":{"line":57,"column":15},"end":{"line":57,"column":39}},"type":"binary-expr","locations":[{"start":{"line":57,"column":15},"end":{"line":57,"column":27}},{"start":{"line":57,"column":27},"end":{"line":57,"column":39}}]},"8":{"loc":{"start":{"line":57,"column":43},"end":{"line":57,"column":null}},"type":"cond-expr","locations":[{"start":{"line":57,"column":68},"end":{"line":57,"column":72}},{"start":{"line":57,"column":72},"end":{"line":57,"column":null}}]},"9":{"loc":{"start":{"line":57,"column":43},"end":{"line":57,"column":68}},"type":"binary-expr","locations":[{"start":{"line":57,"column":43},"end":{"line":57,"column":56}},{"start":{"line":57,"column":56},"end":{"line":57,"column":68}}]},"10":{"loc":{"start":{"line":59,"column":15},"end":{"line":59,"column":null}},"type":"cond-expr","locations":[{"start":{"line":59,"column":39},"end":{"line":59,"column":44}},{"start":{"line":59,"column":44},"end":{"line":59,"column":null}}]},"11":{"loc":{"start":{"line":59,"column":15},"end":{"line":59,"column":39}},"type":"binary-expr","locations":[{"start":{"line":59,"column":15},"end":{"line":59,"column":27}},{"start":{"line":59,"column":27},"end":{"line":59,"column":39}}]},"12":{"loc":{"start":{"line":59,"column":44},"end":{"line":59,"column":null}},"type":"cond-expr","locations":[{"start":{"line":59,"column":69},"end":{"line":59,"column":73}},{"start":{"line":59,"column":73},"end":{"line":59,"column":null}}]},"13":{"loc":{"start":{"line":59,"column":44},"end":{"line":59,"column":69}},"type":"binary-expr","locations":[{"start":{"line":59,"column":44},"end":{"line":59,"column":57}},{"start":{"line":59,"column":57},"end":{"line":59,"column":69}}]},"14":{"loc":{"start":{"line":66,"column":4},"end":{"line":77,"column":null}},"type":"switch","locations":[{"start":{"line":67,"column":6},"end":{"line":68,"column":null}},{"start":{"line":69,"column":6},"end":{"line":70,"column":null}},{"start":{"line":71,"column":6},"end":{"line":72,"column":null}},{"start":{"line":73,"column":6},"end":{"line":74,"column":null}},{"start":{"line":75,"column":6},"end":{"line":76,"column":null}}]},"15":{"loc":{"start":{"line":68,"column":15},"end":{"line":68,"column":null}},"type":"cond-expr","locations":[{"start":{"line":68,"column":39},"end":{"line":68,"column":44}},{"start":{"line":68,"column":44},"end":{"line":68,"column":null}}]},"16":{"loc":{"start":{"line":68,"column":15},"end":{"line":68,"column":39}},"type":"binary-expr","locations":[{"start":{"line":68,"column":15},"end":{"line":68,"column":27}},{"start":{"line":68,"column":27},"end":{"line":68,"column":39}}]},"17":{"loc":{"start":{"line":68,"column":44},"end":{"line":68,"column":null}},"type":"cond-expr","locations":[{"start":{"line":68,"column":70},"end":{"line":68,"column":74}},{"start":{"line":68,"column":74},"end":{"line":68,"column":null}}]},"18":{"loc":{"start":{"line":68,"column":44},"end":{"line":68,"column":70}},"type":"binary-expr","locations":[{"start":{"line":68,"column":44},"end":{"line":68,"column":57}},{"start":{"line":68,"column":57},"end":{"line":68,"column":70}}]},"19":{"loc":{"start":{"line":72,"column":15},"end":{"line":72,"column":null}},"type":"cond-expr","locations":[{"start":{"line":72,"column":39},"end":{"line":72,"column":43}},{"start":{"line":72,"column":43},"end":{"line":72,"column":null}}]},"20":{"loc":{"start":{"line":72,"column":15},"end":{"line":72,"column":39}},"type":"binary-expr","locations":[{"start":{"line":72,"column":15},"end":{"line":72,"column":27}},{"start":{"line":72,"column":27},"end":{"line":72,"column":39}}]},"21":{"loc":{"start":{"line":72,"column":43},"end":{"line":72,"column":null}},"type":"cond-expr","locations":[{"start":{"line":72,"column":68},"end":{"line":72,"column":72}},{"start":{"line":72,"column":72},"end":{"line":72,"column":null}}]},"22":{"loc":{"start":{"line":72,"column":43},"end":{"line":72,"column":68}},"type":"binary-expr","locations":[{"start":{"line":72,"column":43},"end":{"line":72,"column":56}},{"start":{"line":72,"column":56},"end":{"line":72,"column":68}}]},"23":{"loc":{"start":{"line":74,"column":15},"end":{"line":74,"column":null}},"type":"cond-expr","locations":[{"start":{"line":74,"column":39},"end":{"line":74,"column":44}},{"start":{"line":74,"column":44},"end":{"line":74,"column":null}}]},"24":{"loc":{"start":{"line":74,"column":15},"end":{"line":74,"column":39}},"type":"binary-expr","locations":[{"start":{"line":74,"column":15},"end":{"line":74,"column":27}},{"start":{"line":74,"column":27},"end":{"line":74,"column":39}}]},"25":{"loc":{"start":{"line":74,"column":44},"end":{"line":74,"column":null}},"type":"cond-expr","locations":[{"start":{"line":74,"column":69},"end":{"line":74,"column":73}},{"start":{"line":74,"column":73},"end":{"line":74,"column":null}}]},"26":{"loc":{"start":{"line":74,"column":44},"end":{"line":74,"column":69}},"type":"binary-expr","locations":[{"start":{"line":74,"column":44},"end":{"line":74,"column":57}},{"start":{"line":74,"column":57},"end":{"line":74,"column":69}}]},"27":{"loc":{"start":{"line":82,"column":21},"end":{"line":82,"column":34}},"type":"default-arg","locations":[{"start":{"line":82,"column":27},"end":{"line":82,"column":34}}]},"28":{"loc":{"start":{"line":83,"column":9},"end":{"line":85,"column":null}},"type":"cond-expr","locations":[{"start":{"line":84,"column":6},"end":{"line":84,"column":null}},{"start":{"line":85,"column":6},"end":{"line":85,"column":null}}]}},"s":{"0":2,"1":0,"2":0,"3":0,"4":0,"5":0,"6":0,"7":0,"8":0,"9":0,"10":0,"11":0,"12":0,"13":0,"14":2,"15":4,"16":4,"17":4,"18":12,"19":12,"20":12,"21":12,"22":12,"23":12,"24":12,"25":12,"26":12,"27":4,"28":12,"29":3,"30":3,"31":3,"32":3,"33":0,"34":12,"35":3,"36":3,"37":3,"38":3,"39":0,"40":2,"41":4,"42":8,"43":0},"f":{"0":0,"1":4,"2":12,"3":12,"4":4,"5":8,"6":0},"b":{"0":[0,0],"1":[3,3,3,3,0],"2":[3,0],"3":[3,3],"4":[0,0],"5":[0,0],"6":[3,0],"7":[3,3],"8":[0,0],"9":[0,0],"10":[3,0],"11":[3,3],"12":[0,0],"13":[0,0],"14":[3,3,3,3,0],"15":[3,0],"16":[3,3],"17":[0,0],"18":[0,0],"19":[3,0],"20":[3,3],"21":[0,0],"22":[0,0],"23":[3,0],"24":[3,3],"25":[0,0],"26":[0,0],"27":[0],"28":[4,0]}}
,"C:/personal/practice/practice/vue/best-offers/New folder (2)/src/views/SearchList/SearchList.vue": {"path":"C:/personal/practice/practice/vue/best-offers/New folder (2)/src/views/SearchList/SearchList.vue","statementMap":{"0":{"start":{"line":83,"column":17},"end":{"line":83,"column":null}},"1":{"start":{"line":84,"column":15},"end":{"line":84,"column":null}},"2":{"start":{"line":85,"column":14},"end":{"line":85,"column":null}},"3":{"start":{"line":87,"column":69},"end":{"line":87,"column":null}},"4":{"start":{"line":91,"column":22},"end":{"line":93,"column":null}},"5":{"start":{"line":92,"column":17},"end":{"line":92,"column":null}},"6":{"start":{"line":94,"column":2},"end":{"line":95,"column":null}},"7":{"start":{"line":95,"column":38},"end":{"line":95,"column":73}},"8":{"start":{"line":101,"column":2},"end":{"line":103,"column":null}},"9":{"start":{"line":102,"column":4},"end":{"line":102,"column":null}},"10":{"start":{"line":106,"column":0},"end":{"line":114,"column":null}},"11":{"start":{"line":107,"column":2},"end":{"line":113,"column":null}},"12":{"start":{"line":109,"column":4},"end":{"line":113,"column":null}},"13":{"start":{"line":10,"column":17},"end":{"line":10,"column":null}},"14":{"start":{"line":18,"column":18},"end":{"line":19,"column":null}},"15":{"start":{"line":17,"column":16},"end":{"line":16,"column":null}},"16":{"start":{"line":41,"column":90},"end":{"line":null,"column":-1}},"17":{"start":{"line":60,"column":90},"end":{"line":null,"column":-1}}},"fnMap":{"0":{"name":"getCurrency","decl":{"start":{"line":90,"column":9},"end":{"line":90,"column":23}},"loc":{"start":{"line":90,"column":23},"end":{"line":97,"column":null}}},"1":{"name":"(anonymous_2)","decl":{"start":{"line":92,"column":4},"end":{"line":92,"column":5}},"loc":{"start":{"line":92,"column":17},"end":{"line":92,"column":null}}},"2":{"name":"(anonymous_3)","decl":{"start":{"line":95,"column":25},"end":{"line":95,"column":26}},"loc":{"start":{"line":95,"column":38},"end":{"line":95,"column":73}}},"3":{"name":"routeToDashboard","decl":{"start":{"line":100,"column":9},"end":{"line":100,"column":28}},"loc":{"start":{"line":100,"column":28},"end":{"line":104,"column":null}}},"4":{"name":"(anonymous_5)","decl":{"start":{"line":101,"column":49},"end":{"line":101,"column":55}},"loc":{"start":{"line":101,"column":55},"end":{"line":103,"column":3}}},"5":{"name":"(anonymous_6)","decl":{"start":{"line":106,"column":10},"end":{"line":106,"column":22}},"loc":{"start":{"line":106,"column":22},"end":{"line":114,"column":1}}},"6":{"name":"(anonymous_16)","decl":{"start":{"line":10,"column":12},"end":{"line":10,"column":17}},"loc":{"start":{"line":18,"column":18},"end":{"line":19,"column":null}}},"7":{"name":"(anonymous_17)","decl":{"start":{"line":15,"column":98},"end":{"line":15,"column":null}},"loc":{"start":{"line":17,"column":16},"end":{"line":16,"column":null}}},"8":{"name":"(anonymous_23)","decl":{"start":{"line":41,"column":18},"end":{"line":41,"column":46}},"loc":{"start":{"line":41,"column":90},"end":{"line":null,"column":-1}}},"9":{"name":"(anonymous_28)","decl":{"start":{"line":60,"column":18},"end":{"line":60,"column":46}},"loc":{"start":{"line":60,"column":90},"end":{"line":null,"column":-1}}}},"branchMap":{"0":{"loc":{"start":{"line":95,"column":4},"end":{"line":95,"column":null}},"type":"binary-expr","locations":[{"start":{"line":95,"column":4},"end":{"line":95,"column":92}},{"start":{"line":95,"column":92},"end":{"line":95,"column":null}}]},"1":{"loc":{"start":{"line":107,"column":2},"end":{"line":113,"column":null}},"type":"if","locations":[{"start":{"line":107,"column":2},"end":{"line":113,"column":null}},{"start":{"line":107,"column":2},"end":{"line":113,"column":null}}]},"2":{"loc":{"start":{"line":11,"column":59},"end":{"line":14,"column":92}},"type":"cond-expr","locations":[{"start":{"line":11,"column":67},"end":{"line":12,"column":null}},{"start":{"line":12,"column":95},"end":{"line":14,"column":92}}]},"3":{"loc":{"start":{"line":26,"column":48},"end":{"line":45,"column":39}},"type":"cond-expr","locations":[{"start":{"line":26,"column":48},"end":{"line":45,"column":39}}]}},"s":{"0":1,"1":1,"2":1,"3":1,"4":0,"5":0,"6":0,"7":0,"8":0,"9":0,"10":1,"11":1,"12":1,"13":1,"14":0,"15":0,"16":0,"17":0},"f":{"0":0,"1":0,"2":0,"3":0,"4":0,"5":1,"6":0,"7":0,"8":0,"9":0},"b":{"0":[0,0],"1":[1,0],"2":[0,0],"3":[0]}}
,"C:/personal/practice/practice/vue/best-offers/New folder (2)/src/views/SearchList/SearchListPanel.vue": {"path":"C:/personal/practice/practice/vue/best-offers/New folder (2)/src/views/SearchList/SearchListPanel.vue","statementMap":{"0":{"start":{"line":63,"column":19},"end":{"line":63,"column":null}},"1":{"start":{"line":64,"column":14},"end":{"line":64,"column":null}},"2":{"start":{"line":5,"column":14},"end":{"line":5,"column":null}},"3":{"start":{"line":10,"column":13},"end":{"line":10,"column":null}},"4":{"start":{"line":12,"column":18},"end":{"line":12,"column":null}},"5":{"start":{"line":33,"column":13},"end":{"line":33,"column":null}},"6":{"start":{"line":40,"column":18},"end":{"line":40,"column":58}},"7":{"start":{"line":41,"column":18},"end":{"line":41,"column":null}},"8":{"start":{"line":37,"column":14},"end":{"line":36,"column":null}}},"fnMap":{"0":{"name":"(anonymous_11)","decl":{"start":{"line":35,"column":95},"end":{"line":35,"column":null}},"loc":{"start":{"line":37,"column":14},"end":{"line":36,"column":null}}}},"branchMap":{"0":{"loc":{"start":{"line":13,"column":68},"end":{"line":22,"column":19}},"type":"cond-expr","locations":[{"start":{"line":15,"column":25},"end":{"line":22,"column":19}},{"start":{"line":22,"column":12},"end":{"line":22,"column":19}}]}},"s":{"0":0,"1":0,"2":1,"3":1,"4":1,"5":1,"6":1,"7":1,"8":0},"f":{"0":0},"b":{"0":[0,0]}}
,"C:/personal/practice/practice/vue/best-offers/New folder (2)/src/views/SearchList/SearchListPanelContent.vue": {"path":"C:/personal/practice/practice/vue/best-offers/New folder (2)/src/views/SearchList/SearchListPanelContent.vue","statementMap":{"0":{"start":{"line":85,"column":19},"end":{"line":85,"column":null}},"1":{"start":{"line":88,"column":19},"end":{"line":94,"column":null}},"2":{"start":{"line":89,"column":2},"end":{"line":93,"column":null}},"3":{"start":{"line":97,"column":14},"end":{"line":102,"column":null}},"4":{"start":{"line":97,"column":53},"end":{"line":102,"column":null}},"5":{"start":{"line":105,"column":14},"end":{"line":110,"column":null}},"6":{"start":{"line":4,"column":12},"end":{"line":4,"column":null}},"7":{"start":{"line":5,"column":55},"end":{"line":5,"column":85}},"8":{"start":{"line":13,"column":15},"end":{"line":13,"column":null}},"9":{"start":{"line":14,"column":18},"end":{"line":14,"column":34}},"10":{"start":{"line":40,"column":12},"end":{"line":40,"column":null}},"11":{"start":{"line":41,"column":55},"end":{"line":41,"column":85}},"12":{"start":{"line":49,"column":15},"end":{"line":49,"column":null}},"13":{"start":{"line":50,"column":18},"end":{"line":50,"column":34}}},"fnMap":{"0":{"name":"(anonymous_1)","decl":{"start":{"line":88,"column":19},"end":{"line":88,"column":33}},"loc":{"start":{"line":88,"column":33},"end":{"line":94,"column":null}}},"1":{"name":"(anonymous_2)","decl":{"start":{"line":97,"column":14},"end":{"line":97,"column":15}},"loc":{"start":{"line":97,"column":53},"end":{"line":102,"column":null}}},"2":{"name":"(anonymous_7)","decl":{"start":{"line":5,"column":55},"end":{"line":5,"column":61}},"loc":{"start":{"line":5,"column":55},"end":{"line":5,"column":85}}},"3":{"name":"(anonymous_9)","decl":{"start":{"line":41,"column":55},"end":{"line":41,"column":61}},"loc":{"start":{"line":41,"column":55},"end":{"line":41,"column":85}}}},"branchMap":{"0":{"loc":{"start":{"line":89,"column":9},"end":{"line":93,"column":null}},"type":"cond-expr","locations":[{"start":{"line":90,"column":6},"end":{"line":90,"column":null}},{"start":{"line":91,"column":6},"end":{"line":93,"column":null}}]},"1":{"loc":{"start":{"line":91,"column":6},"end":{"line":93,"column":null}},"type":"cond-expr","locations":[{"start":{"line":92,"column":6},"end":{"line":92,"column":null}},{"start":{"line":93,"column":6},"end":{"line":93,"column":null}}]}},"s":{"0":0,"1":0,"2":0,"3":0,"4":0,"5":0,"6":1,"7":2,"8":1,"9":1,"10":1,"11":2,"12":1,"13":1},"f":{"0":0,"1":0,"2":1,"3":1},"b":{"0":[0,0],"1":[0,0]}}
}
